Arguments: 
  /usr/local/bin/node /usr/local/bin/yarn add bcrybt

PATH: 
  /Users/ize/.docker/bin:/opt/homebrew/bin:/opt/homebrew/sbin:/usr/local/bin:/System/Cryptexes/App/usr/bin:/usr/bin:/bin:/usr/sbin:/sbin:/usr/local/go/bin:/usr/local/share/dotnet:~/.dotnet/tools:/Library/Apple/usr/bin:/Library/Frameworks/Mono.framework/Versions/Current/Commands:/Users/ize/Library/Android/sdk/tools:/Users/ize/Library/Android/sdk/platform-tools

Yarn version: 
  1.22.17

Node version: 
  18.20.3

Platform: 
  darwin arm64

Trace: 
  Error: https://registry.yarnpkg.com/bcrybt: Not found
      at params.callback [as _callback] (/usr/local/lib/node_modules/yarn/lib/cli.js:67029:18)
      at self.callback (/usr/local/lib/node_modules/yarn/lib/cli.js:140883:22)
      at Request.emit (node:events:517:28)
      at Request.<anonymous> (/usr/local/lib/node_modules/yarn/lib/cli.js:141855:10)
      at Request.emit (node:events:517:28)
      at IncomingMessage.<anonymous> (/usr/local/lib/node_modules/yarn/lib/cli.js:141777:12)
      at Object.onceWrapper (node:events:631:28)
      at IncomingMessage.emit (node:events:529:35)
      at endReadableNT (node:internal/streams/readable:1400:12)
      at process.processTicksAndRejections (node:internal/process/task_queues:82:21)

npm manifest: 
  {
    "name": "api_tegcago",
    "version": "1.0.0",
    "main": "index.js",
    "scripts": {
      "build": "npx tsc",
      "start": "node dist/server.js",
      "dev": "nodemon src/server.ts",
      "seed": "ts-node  ./src/prisma/seed.ts",
      "prisma:migrate": "prisma migrate  dev  --schema=./src/prisma/schema.prisma --name init ",
      "prisma:dev": "prisma generate --schema=./src/prisma/schema.prisma"
    },
    "keywords": [],
    "author": "",
    "license": "ISC",
    "description": "",
    "dependencies": {
      "@prisma/client": "^5.15.0",
      "@types/bcrypt": "^5.0.2",
      "@types/body-parser": "^1.19.5",
      "@types/express": "^4.17.21",
      "@types/jsonwebtoken": "^9.0.6",
      "@types/node": "^20.14.1",
      "bcrypt": "^5.1.1",
      "body-parser": "^1.20.2",
      "dotenv": "^16.4.5",
      "express": "^4.19.2",
      "jsonwebtoken": "^9.0.2",
      "nodemon": "^3.1.3",
      "prisma": "^5.15.0",
      "ts-node": "^10.9.2",
      "typeorm": "^0.3.20",
      "typescript": "^5.4.5"
    }
  }

yarn manifest: 
  No manifest

Lockfile: 
  No lockfile
